<?xml version="1.0" encoding="UTF-8"?>
<!-- Generated by org.testng.reporters.JUnitXMLReporter -->
<testsuite ignored="0" hostname="DheerajShet" failures="0" tests="3" name="Default test" time="8.664" errors="0" timestamp="2024-09-15T18:51:54 IST">
  <testcase classname="api.TestCases.UserTest2" name="CreateUser_validation" time="3.993"/>
  <testcase classname="api.TestCases.UserTest2" name="getCreatedUser_validation" time="1.993"/>
  <testcase classname="api.TestCases.UserTest2" name="LoginCreatedUser_validation" time="2.547"/>
</testsuite> <!-- Default test -->
