<?xml version="1.0" encoding="UTF-8"?>
<!-- Generated by org.testng.reporters.JUnitXMLReporter -->
<testsuite ignored="0" hostname="DheerajShet" failures="0" tests="4" name="Default test" time="8.843" errors="0" timestamp="2024-09-16T20:44:36 IST">
  <testcase classname="api.TestCases.UserTest" name="CreateUser_validation" time="3.328"/>
  <testcase classname="api.TestCases.UserTest" name="getCreatedUser_validation" time="1.942"/>
  <testcase classname="api.TestCases.UserTest" name="LoginCreatedUser_validation" time="1.565"/>
  <testcase classname="api.TestCases.UserTest" name="DeleteCreatedUser_validation" time="1.897"/>
</testsuite> <!-- Default test -->
