<?xml version="1.0" encoding="UTF-8"?>
<!-- Generated by org.testng.reporters.JUnitXMLReporter -->
<testsuite ignored="0" hostname="DheerajShet" failures="0" tests="3" name="Test" time="7.743" errors="0" timestamp="2024-09-15T01:38:12 IST">
  <testcase classname="api.TestCases.UserTest" name="CreateUser_validation" time="3.782"/>
  <testcase classname="api.TestCases.UserTest" name="getCreatedUser_validation" time="2.133"/>
  <testcase classname="api.TestCases.UserTest" name="LoginCreatedUser_validation" time="1.52"/>
</testsuite> <!-- Test -->
