<?xml version="1.0" encoding="UTF-8"?>
<!-- Generated by org.testng.reporters.JUnitXMLReporter -->
<testsuite ignored="0" hostname="DheerajShet" failures="0" tests="3" name="Test" time="6.903" errors="0" timestamp="2024-09-15T22:47:44 IST">
  <testcase classname="api.TestCases.UserTest" name="CreateUser_validation" time="3.383"/>
  <testcase classname="api.TestCases.UserTest" name="getCreatedUser_validation" time="1.979"/>
  <testcase classname="api.TestCases.UserTest" name="LoginCreatedUser_validation" time="1.37"/>
</testsuite> <!-- Test -->
