<?xml version="1.0" encoding="UTF-8"?>
<testng-results ignored="0" total="3" passed="3" failed="0" skipped="0">
  <reporter-output>
  </reporter-output>
  <suite started-at="2024-09-15T22:47:37 IST" name="Suite" finished-at="2024-09-15T22:47:44 IST" duration-ms="6903">
    <groups>
    </groups>
    <test started-at="2024-09-15T22:47:37 IST" name="Test" finished-at="2024-09-15T22:47:44 IST" duration-ms="6903">
      <class name="api.TestCases.UserTest">
        <test-method is-config="true" signature="DataSetup()[pri:0, instance:api.TestCases.UserTest@53fe15ff]" started-at="2024-09-15T22:47:37 IST" name="DataSetup" finished-at="2024-09-15T22:47:38 IST" duration-ms="43" status="PASS">
          <reporter-output>
          </reporter-output>
        </test-method> <!-- DataSetup -->
        <test-method signature="CreateUser_validation()[pri:1, instance:api.TestCases.UserTest@53fe15ff]" started-at="2024-09-15T22:47:38 IST" name="CreateUser_validation" finished-at="2024-09-15T22:47:41 IST" duration-ms="3383" status="PASS">
          <reporter-output>
          </reporter-output>
        </test-method> <!-- CreateUser_validation -->
        <test-method signature="getCreatedUser_validation()[pri:2, instance:api.TestCases.UserTest@53fe15ff]" started-at="2024-09-15T22:47:41 IST" name="getCreatedUser_validation" finished-at="2024-09-15T22:47:43 IST" duration-ms="1979" status="PASS">
          <reporter-output>
          </reporter-output>
        </test-method> <!-- getCreatedUser_validation -->
        <test-method signature="LoginCreatedUser_validation()[pri:3, instance:api.TestCases.UserTest@53fe15ff]" started-at="2024-09-15T22:47:43 IST" name="LoginCreatedUser_validation" finished-at="2024-09-15T22:47:44 IST" duration-ms="1370" status="PASS">
          <reporter-output>
          </reporter-output>
        </test-method> <!-- LoginCreatedUser_validation -->
      </class> <!-- api.TestCases.UserTest -->
    </test> <!-- Test -->
  </suite> <!-- Suite -->
</testng-results>
