<?xml version="1.0" encoding="UTF-8"?>
<testng-results ignored="0" total="4" passed="4" failed="0" skipped="0">
  <reporter-output>
  </reporter-output>
  <suite started-at="2024-09-16T20:44:27 IST" name="Default suite" finished-at="2024-09-16T20:44:36 IST" duration-ms="8843">
    <groups>
    </groups>
    <test started-at="2024-09-16T20:44:27 IST" name="Default test" finished-at="2024-09-16T20:44:36 IST" duration-ms="8843">
      <class name="api.TestCases.UserTest">
        <test-method is-config="true" signature="DataSetup()[pri:0, instance:api.TestCases.UserTest@5f049ea1]" started-at="2024-09-16T20:44:27 IST" name="DataSetup" finished-at="2024-09-16T20:44:27 IST" duration-ms="55" status="PASS">
          <reporter-output>
          </reporter-output>
        </test-method> <!-- DataSetup -->
        <test-method signature="CreateUser_validation()[pri:1, instance:api.TestCases.UserTest@5f049ea1]" started-at="2024-09-16T20:44:27 IST" name="CreateUser_validation" finished-at="2024-09-16T20:44:30 IST" duration-ms="3328" status="PASS">
          <reporter-output>
          </reporter-output>
        </test-method> <!-- CreateUser_validation -->
        <test-method signature="getCreatedUser_validation()[pri:2, instance:api.TestCases.UserTest@5f049ea1]" started-at="2024-09-16T20:44:30 IST" name="getCreatedUser_validation" finished-at="2024-09-16T20:44:32 IST" duration-ms="1942" status="PASS">
          <reporter-output>
          </reporter-output>
        </test-method> <!-- getCreatedUser_validation -->
        <test-method signature="LoginCreatedUser_validation()[pri:3, instance:api.TestCases.UserTest@5f049ea1]" started-at="2024-09-16T20:44:32 IST" name="LoginCreatedUser_validation" finished-at="2024-09-16T20:44:34 IST" duration-ms="1565" status="PASS">
          <reporter-output>
          </reporter-output>
        </test-method> <!-- LoginCreatedUser_validation -->
        <test-method signature="DeleteCreatedUser_validation()[pri:4, instance:api.TestCases.UserTest@5f049ea1]" started-at="2024-09-16T20:44:34 IST" name="DeleteCreatedUser_validation" finished-at="2024-09-16T20:44:36 IST" duration-ms="1897" status="PASS">
          <reporter-output>
          </reporter-output>
        </test-method> <!-- DeleteCreatedUser_validation -->
      </class> <!-- api.TestCases.UserTest -->
    </test> <!-- Default test -->
  </suite> <!-- Default suite -->
</testng-results>
